<?xml version="1.0" encoding="UTF-8"?>
<!-- Generated by org.testng.reporters.JUnitReportReporter -->
<testsuite hostname="DESKTOP-019IDSC" failures="0" tests="1" name="testclass.Logintest" time="10.079" errors="0" timestamp="2024-01-24T14:20:33 IST" skipped="0">
  <testcase classname="testclass.Logintest" name="login" time="10.079"/>
  <system-out/>
</testsuite> <!-- testclass.Logintest -->
